#-----------------------------------------------------------
# Vivado v2021.1 (64-bit)
# SW Build 3247384 on Thu Jun 10 19:36:33 MDT 2021
# IP Build 3246043 on Fri Jun 11 00:30:35 MDT 2021
# Start of session at: Fri Nov 11 20:40:08 2022
# Process ID: 14496
# Current directory: C:/Users/Pancho/Desktop/Universidad/Arquitectura de Computadores/WW/proyecto-grupo-16
# Command line: vivado.exe -gui_launcher_event rodinguilauncherevent2116 C:\Users\Pancho\Desktop\Universidad\Arquitectura de Computadores\WW\proyecto-grupo-16\Proyecto Base.xpr
# Log file: C:/Users/Pancho/Desktop/Universidad/Arquitectura de Computadores/WW/proyecto-grupo-16/vivado.log
# Journal file: C:/Users/Pancho/Desktop/Universidad/Arquitectura de Computadores/WW/proyecto-grupo-16\vivado.jou
#-----------------------------------------------------------
start_gui
open_project {C:/Users/Pancho/Desktop/Universidad/Arquitectura de Computadores/WW/proyecto-grupo-16/Proyecto Base.xpr}
INFO: [ProjectBase 1-489] The host OS only allows 260 characters in a normal path. The project is stored in a path with more than 80 characters. If you experience issues with IP, Block Designs, or files not being found, please consider moving the project to a location with a shorter path. Alternately consider using the OS subst command to map part of the path to a drive letter.
Current project path is 'C:/Users/Pancho/Desktop/Universidad/Arquitectura de Computadores/WW/proyecto-grupo-16'
INFO: [Project 1-313] Project file moved from 'D:/franc/Desktop/Universidad/Arquitectura de Computadores/ETAPA 2/proyecto-grupo-16' since last save.
WARNING: [filemgmt 56-2] Default IP Output Path : Could not find the directory 'C:/Users/Pancho/Desktop/Universidad/Arquitectura de Computadores/WW/proyecto-grupo-16/Proyecto Base.gen/sources_1', nor could it be found using path 'D:/franc/Desktop/Universidad/Arquitectura de Computadores/ETAPA 2/proyecto-grupo-16/Proyecto Base.gen/sources_1'.
Scanning sources...
Finished scanning sources
INFO: [IP_Flow 19-234] Refreshing IP repositories
INFO: [IP_Flow 19-1704] No user IP repositories specified
INFO: [IP_Flow 19-2313] Loaded Vivado IP repository 'C:/Xilinx/Vivado/2021.1/data/ip'.
open_project: Time (s): cpu = 00:00:17 ; elapsed = 00:00:11 . Memory (MB): peak = 1134.094 ; gain = 0.000
update_compile_order -fileset sources_1
close [ open {C:/Users/Pancho/Desktop/Universidad/Arquitectura de Computadores/WW/proyecto-grupo-16/Proyecto Base.srcs/sources_1/new/RegSP.vhd} w ]
add_files {{C:/Users/Pancho/Desktop/Universidad/Arquitectura de Computadores/WW/proyecto-grupo-16/Proyecto Base.srcs/sources_1/new/RegSP.vhd}}
update_compile_order -fileset sources_1
update_compile_order -fileset sources_1
reset_run synth_1
launch_runs impl_1 -to_step write_bitstream -jobs 4
[Fri Nov 11 21:03:03 2022] Launched synth_1...
Run output will be captured here: C:/Users/Pancho/Desktop/Universidad/Arquitectura de Computadores/WW/proyecto-grupo-16/Proyecto Base.runs/synth_1/runme.log
[Fri Nov 11 21:03:03 2022] Launched impl_1...
Run output will be captured here: C:/Users/Pancho/Desktop/Universidad/Arquitectura de Computadores/WW/proyecto-grupo-16/Proyecto Base.runs/impl_1/runme.log
open_hw_manager
reset_run synth_1
WARNING: [Vivado 12-1017] Problems encountered:
1. Failed to delete one or more files in run directory C:/Users/Pancho/Desktop/Universidad/Arquitectura de Computadores/WW/proyecto-grupo-16/Proyecto Base.runs/synth_1

connect_hw_server -allow_non_jtag
INFO: [Labtools 27-2285] Connecting to hw_server url TCP:localhost:3121
INFO: [Labtools 27-2222] Launching hw_server...
INFO: [Labtools 27-2221] Launch Output:

****** Xilinx hw_server v2021.1
  **** Build date : Jun 10 2021 at 20:17:23
    ** Copyright 1986-2021 Xilinx, Inc. All Rights Reserved.


INFO: [Labtools 27-3415] Connecting to cs_server url TCP:localhost:3042
INFO: [Labtools 27-3417] Launching cs_server...
INFO: [Labtools 27-2221] Launch Output:


******** Xilinx cs_server v2021.1
  ****** Build date   : May 26 2021-13:32:33
    **** Build number : 2021.1.1622050353
      ** Copyright 2017-2022 Xilinx, Inc. All Rights Reserved.



connect_hw_server: Time (s): cpu = 00:00:01 ; elapsed = 00:00:09 . Memory (MB): peak = 1134.094 ; gain = 0.000
open_hw_target
INFO: [Labtoolstcl 44-466] Opening hw_target localhost:3121/xilinx_tcf/Digilent/210183B4114FA
open_hw_target: Time (s): cpu = 00:00:06 ; elapsed = 00:00:07 . Memory (MB): peak = 2708.953 ; gain = 1574.859
current_hw_device [get_hw_devices xc7a35t_0]
refresh_hw_device -update_hw_probes false [lindex [get_hw_devices xc7a35t_0] 0]
INFO: [Labtools 27-1434] Device xc7a35t (JTAG device index = 0) is programmed with a design that has no supported debug core(s) in it.
launch_runs impl_1 -jobs 4
[Fri Nov 11 21:03:56 2022] Launched synth_1...
Run output will be captured here: C:/Users/Pancho/Desktop/Universidad/Arquitectura de Computadores/WW/proyecto-grupo-16/Proyecto Base.runs/synth_1/runme.log
[Fri Nov 11 21:03:56 2022] Launched impl_1...
Run output will be captured here: C:/Users/Pancho/Desktop/Universidad/Arquitectura de Computadores/WW/proyecto-grupo-16/Proyecto Base.runs/impl_1/runme.log
launch_runs impl_1 -to_step write_bitstream -jobs 4
[Fri Nov 11 21:07:15 2022] Launched impl_1...
Run output will be captured here: C:/Users/Pancho/Desktop/Universidad/Arquitectura de Computadores/WW/proyecto-grupo-16/Proyecto Base.runs/impl_1/runme.log
set_property PROBES.FILE {} [get_hw_devices xc7a35t_0]
set_property FULL_PROBES.FILE {} [get_hw_devices xc7a35t_0]
set_property PROGRAM.FILE {C:/Users/Pancho/Desktop/Universidad/Arquitectura de Computadores/WW/proyecto-grupo-16/Proyecto Base.runs/impl_1/Basys3.bit} [get_hw_devices xc7a35t_0]
program_hw_devices [get_hw_devices xc7a35t_0]
INFO: [Labtools 27-3164] End of startup status: HIGH
refresh_hw_device [lindex [get_hw_devices xc7a35t_0] 0]
INFO: [Labtools 27-1434] Device xc7a35t (JTAG device index = 0) is programmed with a design that has no supported debug core(s) in it.
set_property PROBES.FILE {} [get_hw_devices xc7a35t_0]
set_property FULL_PROBES.FILE {} [get_hw_devices xc7a35t_0]
set_property PROGRAM.FILE {C:/Users/Pancho/Desktop/Universidad/Arquitectura de Computadores/WW/proyecto-grupo-16/Proyecto Base.runs/impl_1/Basys3.bit} [get_hw_devices xc7a35t_0]
program_hw_devices [get_hw_devices xc7a35t_0]
INFO: [Labtools 27-3164] End of startup status: HIGH
refresh_hw_device [lindex [get_hw_devices xc7a35t_0] 0]
INFO: [Labtools 27-1434] Device xc7a35t (JTAG device index = 0) is programmed with a design that has no supported debug core(s) in it.
close_hw_manager
reset_run synth_1
launch_runs impl_1 -jobs 4
[Fri Nov 11 23:07:01 2022] Launched synth_1...
Run output will be captured here: C:/Users/Pancho/Desktop/Universidad/Arquitectura de Computadores/WW/proyecto-grupo-16/Proyecto Base.runs/synth_1/runme.log
[Fri Nov 11 23:07:01 2022] Launched impl_1...
Run output will be captured here: C:/Users/Pancho/Desktop/Universidad/Arquitectura de Computadores/WW/proyecto-grupo-16/Proyecto Base.runs/impl_1/runme.log
launch_runs impl_1 -to_step write_bitstream -jobs 4
[Fri Nov 11 23:09:55 2022] Launched impl_1...
Run output will be captured here: C:/Users/Pancho/Desktop/Universidad/Arquitectura de Computadores/WW/proyecto-grupo-16/Proyecto Base.runs/impl_1/runme.log
open_hw_manager
connect_hw_server -allow_non_jtag
INFO: [Labtools 27-2285] Connecting to hw_server url TCP:localhost:3121
INFO: [Labtools 27-2222] Launching hw_server...
INFO: [Labtools 27-2221] Launch Output:

****** Xilinx hw_server v2021.1
  **** Build date : Jun 10 2021 at 20:17:23
    ** Copyright 1986-2021 Xilinx, Inc. All Rights Reserved.


INFO: [Labtools 27-3415] Connecting to cs_server url TCP:localhost:3042
INFO: [Labtools 27-3417] Launching cs_server...
INFO: [Labtools 27-2221] Launch Output:


******** Xilinx cs_server v2021.1
  ****** Build date   : May 26 2021-13:32:33
    **** Build number : 2021.1.1622050353
      ** Copyright 2017-2022 Xilinx, Inc. All Rights Reserved.



connect_hw_server: Time (s): cpu = 00:00:00 ; elapsed = 00:00:09 . Memory (MB): peak = 2773.754 ; gain = 0.000
open_hw_target
INFO: [Labtoolstcl 44-466] Opening hw_target localhost:3121/xilinx_tcf/Digilent/210183B4114FA
set_property PROGRAM.FILE {C:/Users/Pancho/Desktop/Universidad/Arquitectura de Computadores/WW/proyecto-grupo-16/Proyecto Base.runs/impl_1/Basys3.bit} [get_hw_devices xc7a35t_0]
current_hw_device [get_hw_devices xc7a35t_0]
refresh_hw_device -update_hw_probes false [lindex [get_hw_devices xc7a35t_0] 0]
INFO: [Labtools 27-1434] Device xc7a35t (JTAG device index = 0) is programmed with a design that has no supported debug core(s) in it.
set_property PROBES.FILE {} [get_hw_devices xc7a35t_0]
set_property FULL_PROBES.FILE {} [get_hw_devices xc7a35t_0]
set_property PROGRAM.FILE {C:/Users/Pancho/Desktop/Universidad/Arquitectura de Computadores/WW/proyecto-grupo-16/Proyecto Base.runs/impl_1/Basys3.bit} [get_hw_devices xc7a35t_0]
program_hw_devices [get_hw_devices xc7a35t_0]
INFO: [Labtools 27-3164] End of startup status: HIGH
refresh_hw_device [lindex [get_hw_devices xc7a35t_0] 0]
INFO: [Labtools 27-1434] Device xc7a35t (JTAG device index = 0) is programmed with a design that has no supported debug core(s) in it.
reset_run synth_1
launch_runs impl_1 -jobs 4
[Fri Nov 11 23:18:51 2022] Launched synth_1...
Run output will be captured here: C:/Users/Pancho/Desktop/Universidad/Arquitectura de Computadores/WW/proyecto-grupo-16/Proyecto Base.runs/synth_1/runme.log
[Fri Nov 11 23:18:51 2022] Launched impl_1...
Run output will be captured here: C:/Users/Pancho/Desktop/Universidad/Arquitectura de Computadores/WW/proyecto-grupo-16/Proyecto Base.runs/impl_1/runme.log
launch_runs impl_1 -to_step write_bitstream -jobs 4
[Fri Nov 11 23:21:44 2022] Launched impl_1...
Run output will be captured here: C:/Users/Pancho/Desktop/Universidad/Arquitectura de Computadores/WW/proyecto-grupo-16/Proyecto Base.runs/impl_1/runme.log
set_property PROBES.FILE {} [get_hw_devices xc7a35t_0]
set_property FULL_PROBES.FILE {} [get_hw_devices xc7a35t_0]
set_property PROGRAM.FILE {C:/Users/Pancho/Desktop/Universidad/Arquitectura de Computadores/WW/proyecto-grupo-16/Proyecto Base.runs/impl_1/Basys3.bit} [get_hw_devices xc7a35t_0]
program_hw_devices [get_hw_devices xc7a35t_0]
INFO: [Labtools 27-3164] End of startup status: HIGH
refresh_hw_device [lindex [get_hw_devices xc7a35t_0] 0]
INFO: [Labtools 27-1434] Device xc7a35t (JTAG device index = 0) is programmed with a design that has no supported debug core(s) in it.
reset_run impl_1
launch_runs impl_1 -jobs 4
[Fri Nov 11 23:46:25 2022] Launched impl_1...
Run output will be captured here: C:/Users/Pancho/Desktop/Universidad/Arquitectura de Computadores/WW/proyecto-grupo-16/Proyecto Base.runs/impl_1/runme.log
reset_run synth_1
launch_runs impl_1 -to_step write_bitstream -jobs 4
[Fri Nov 11 23:48:12 2022] Launched synth_1...
Run output will be captured here: C:/Users/Pancho/Desktop/Universidad/Arquitectura de Computadores/WW/proyecto-grupo-16/Proyecto Base.runs/synth_1/runme.log
[Fri Nov 11 23:48:13 2022] Launched impl_1...
Run output will be captured here: C:/Users/Pancho/Desktop/Universidad/Arquitectura de Computadores/WW/proyecto-grupo-16/Proyecto Base.runs/impl_1/runme.log
reset_run synth_1
launch_runs impl_1 -jobs 4
[Fri Nov 11 23:53:17 2022] Launched synth_1...
Run output will be captured here: C:/Users/Pancho/Desktop/Universidad/Arquitectura de Computadores/WW/proyecto-grupo-16/Proyecto Base.runs/synth_1/runme.log
[Fri Nov 11 23:53:17 2022] Launched impl_1...
Run output will be captured here: C:/Users/Pancho/Desktop/Universidad/Arquitectura de Computadores/WW/proyecto-grupo-16/Proyecto Base.runs/impl_1/runme.log
launch_runs impl_1 -to_step write_bitstream -jobs 4
[Fri Nov 11 23:56:41 2022] Launched impl_1...
Run output will be captured here: C:/Users/Pancho/Desktop/Universidad/Arquitectura de Computadores/WW/proyecto-grupo-16/Proyecto Base.runs/impl_1/runme.log
set_property PROBES.FILE {} [get_hw_devices xc7a35t_0]
set_property FULL_PROBES.FILE {} [get_hw_devices xc7a35t_0]
set_property PROGRAM.FILE {C:/Users/Pancho/Desktop/Universidad/Arquitectura de Computadores/WW/proyecto-grupo-16/Proyecto Base.runs/impl_1/Basys3.bit} [get_hw_devices xc7a35t_0]
program_hw_devices [get_hw_devices xc7a35t_0]
INFO: [Labtools 27-3164] End of startup status: HIGH
refresh_hw_device [lindex [get_hw_devices xc7a35t_0] 0]
INFO: [Labtools 27-1434] Device xc7a35t (JTAG device index = 0) is programmed with a design that has no supported debug core(s) in it.
close_hw_manager
reset_run synth_1
launch_runs impl_1 -jobs 4
[Sat Nov 12 00:07:16 2022] Launched synth_1...
Run output will be captured here: C:/Users/Pancho/Desktop/Universidad/Arquitectura de Computadores/WW/proyecto-grupo-16/Proyecto Base.runs/synth_1/runme.log
[Sat Nov 12 00:07:16 2022] Launched impl_1...
Run output will be captured here: C:/Users/Pancho/Desktop/Universidad/Arquitectura de Computadores/WW/proyecto-grupo-16/Proyecto Base.runs/impl_1/runme.log
launch_runs impl_1 -to_step write_bitstream -jobs 4
[Sat Nov 12 00:09:55 2022] Launched impl_1...
Run output will be captured here: C:/Users/Pancho/Desktop/Universidad/Arquitectura de Computadores/WW/proyecto-grupo-16/Proyecto Base.runs/impl_1/runme.log
open_hw_manager
connect_hw_server -allow_non_jtag
INFO: [Labtools 27-2285] Connecting to hw_server url TCP:localhost:3121
INFO: [Labtools 27-2222] Launching hw_server...
INFO: [Labtools 27-2221] Launch Output:

****** Xilinx hw_server v2021.1
  **** Build date : Jun 10 2021 at 20:17:23
    ** Copyright 1986-2021 Xilinx, Inc. All Rights Reserved.


INFO: [Labtools 27-3415] Connecting to cs_server url TCP:localhost:3042
INFO: [Labtools 27-3417] Launching cs_server...
INFO: [Labtools 27-2221] Launch Output:


******** Xilinx cs_server v2021.1
  ****** Build date   : May 26 2021-13:32:33
    **** Build number : 2021.1.1622050353
      ** Copyright 2017-2022 Xilinx, Inc. All Rights Reserved.



connect_hw_server: Time (s): cpu = 00:00:01 ; elapsed = 00:00:08 . Memory (MB): peak = 2781.363 ; gain = 0.000
open_hw_target
INFO: [Labtoolstcl 44-466] Opening hw_target localhost:3121/xilinx_tcf/Digilent/210183B4114FA
set_property PROGRAM.FILE {C:/Users/Pancho/Desktop/Universidad/Arquitectura de Computadores/WW/proyecto-grupo-16/Proyecto Base.runs/impl_1/Basys3.bit} [get_hw_devices xc7a35t_0]
current_hw_device [get_hw_devices xc7a35t_0]
refresh_hw_device -update_hw_probes false [lindex [get_hw_devices xc7a35t_0] 0]
INFO: [Labtools 27-1434] Device xc7a35t (JTAG device index = 0) is programmed with a design that has no supported debug core(s) in it.
set_property PROBES.FILE {} [get_hw_devices xc7a35t_0]
set_property FULL_PROBES.FILE {} [get_hw_devices xc7a35t_0]
set_property PROGRAM.FILE {C:/Users/Pancho/Desktop/Universidad/Arquitectura de Computadores/WW/proyecto-grupo-16/Proyecto Base.runs/impl_1/Basys3.bit} [get_hw_devices xc7a35t_0]
program_hw_devices [get_hw_devices xc7a35t_0]
INFO: [Labtools 27-3164] End of startup status: HIGH
refresh_hw_device [lindex [get_hw_devices xc7a35t_0] 0]
INFO: [Labtools 27-1434] Device xc7a35t (JTAG device index = 0) is programmed with a design that has no supported debug core(s) in it.
ERROR: [Labtoolstcl 44-513] HW Target shutdown. Closing target: localhost:3121/xilinx_tcf/Digilent/210183B4114FA
INFO: [Labtoolstcl 44-466] Opening hw_target localhost:3121/xilinx_tcf/Digilent/210183B4114FA
INFO: [Labtools 27-1434] Device xc7a35t (JTAG device index = 0) is programmed with a design that has no supported debug core(s) in it.
WARNING: [Labtoolstcl 44-129] No matching hw_ila_data was found.
set_property PROBES.FILE {} [get_hw_devices xc7a35t_0]
set_property FULL_PROBES.FILE {} [get_hw_devices xc7a35t_0]
set_property PROGRAM.FILE {C:/Users/Pancho/Desktop/Universidad/Arquitectura de Computadores/WW/proyecto-grupo-16/Proyecto Base.runs/impl_1/Basys3.bit} [get_hw_devices xc7a35t_0]
program_hw_devices [get_hw_devices xc7a35t_0]
INFO: [Labtools 27-3164] End of startup status: HIGH
refresh_hw_device [lindex [get_hw_devices xc7a35t_0] 0]
INFO: [Labtools 27-1434] Device xc7a35t (JTAG device index = 0) is programmed with a design that has no supported debug core(s) in it.
set_property PROBES.FILE {} [get_hw_devices xc7a35t_0]
set_property FULL_PROBES.FILE {} [get_hw_devices xc7a35t_0]
set_property PROGRAM.FILE {C:/Users/Pancho/Desktop/Universidad/Arquitectura de Computadores/WW/proyecto-grupo-16/Proyecto Base.runs/impl_1/Basys3.bit} [get_hw_devices xc7a35t_0]
program_hw_devices [get_hw_devices xc7a35t_0]
INFO: [Labtools 27-3164] End of startup status: HIGH
refresh_hw_device [lindex [get_hw_devices xc7a35t_0] 0]
INFO: [Labtools 27-1434] Device xc7a35t (JTAG device index = 0) is programmed with a design that has no supported debug core(s) in it.
reset_run synth_1
launch_runs impl_1 -jobs 4
[Sat Nov 12 10:18:42 2022] Launched synth_1...
Run output will be captured here: C:/Users/Pancho/Desktop/Universidad/Arquitectura de Computadores/WW/proyecto-grupo-16/Proyecto Base.runs/synth_1/runme.log
[Sat Nov 12 10:18:42 2022] Launched impl_1...
Run output will be captured here: C:/Users/Pancho/Desktop/Universidad/Arquitectura de Computadores/WW/proyecto-grupo-16/Proyecto Base.runs/impl_1/runme.log
launch_runs impl_1 -to_step write_bitstream -jobs 4
[Sat Nov 12 10:22:26 2022] Launched impl_1...
Run output will be captured here: C:/Users/Pancho/Desktop/Universidad/Arquitectura de Computadores/WW/proyecto-grupo-16/Proyecto Base.runs/impl_1/runme.log
set_property PROBES.FILE {} [get_hw_devices xc7a35t_0]
set_property FULL_PROBES.FILE {} [get_hw_devices xc7a35t_0]
set_property PROGRAM.FILE {C:/Users/Pancho/Desktop/Universidad/Arquitectura de Computadores/WW/proyecto-grupo-16/Proyecto Base.runs/impl_1/Basys3.bit} [get_hw_devices xc7a35t_0]
program_hw_devices [get_hw_devices xc7a35t_0]
INFO: [Labtools 27-3164] End of startup status: HIGH
refresh_hw_device [lindex [get_hw_devices xc7a35t_0] 0]
INFO: [Labtools 27-1434] Device xc7a35t (JTAG device index = 0) is programmed with a design that has no supported debug core(s) in it.
reset_run impl_1
launch_runs impl_1 -jobs 4
[Sat Nov 12 11:34:11 2022] Launched impl_1...
Run output will be captured here: C:/Users/Pancho/Desktop/Universidad/Arquitectura de Computadores/WW/proyecto-grupo-16/Proyecto Base.runs/impl_1/runme.log
reset_run synth_1
launch_runs impl_1 -to_step write_bitstream -jobs 4
[Sat Nov 12 11:36:24 2022] Launched synth_1...
Run output will be captured here: C:/Users/Pancho/Desktop/Universidad/Arquitectura de Computadores/WW/proyecto-grupo-16/Proyecto Base.runs/synth_1/runme.log
[Sat Nov 12 11:36:24 2022] Launched impl_1...
Run output will be captured here: C:/Users/Pancho/Desktop/Universidad/Arquitectura de Computadores/WW/proyecto-grupo-16/Proyecto Base.runs/impl_1/runme.log
set_property PROBES.FILE {} [get_hw_devices xc7a35t_0]
set_property FULL_PROBES.FILE {} [get_hw_devices xc7a35t_0]
set_property PROGRAM.FILE {C:/Users/Pancho/Desktop/Universidad/Arquitectura de Computadores/WW/proyecto-grupo-16/Proyecto Base.runs/impl_1/Basys3.bit} [get_hw_devices xc7a35t_0]
program_hw_devices [get_hw_devices xc7a35t_0]
INFO: [Labtools 27-3164] End of startup status: HIGH
refresh_hw_device [lindex [get_hw_devices xc7a35t_0] 0]
INFO: [Labtools 27-1434] Device xc7a35t (JTAG device index = 0) is programmed with a design that has no supported debug core(s) in it.
set_property PROBES.FILE {} [get_hw_devices xc7a35t_0]
set_property FULL_PROBES.FILE {} [get_hw_devices xc7a35t_0]
set_property PROGRAM.FILE {C:/Users/Pancho/Desktop/Universidad/Arquitectura de Computadores/WW/proyecto-grupo-16/Proyecto Base.runs/impl_1/Basys3.bit} [get_hw_devices xc7a35t_0]
program_hw_devices [get_hw_devices xc7a35t_0]
INFO: [Labtools 27-3164] End of startup status: HIGH
refresh_hw_device [lindex [get_hw_devices xc7a35t_0] 0]
INFO: [Labtools 27-1434] Device xc7a35t (JTAG device index = 0) is programmed with a design that has no supported debug core(s) in it.
reset_run synth_1
launch_runs impl_1 -jobs 4
[Sat Nov 12 12:16:41 2022] Launched synth_1...
Run output will be captured here: C:/Users/Pancho/Desktop/Universidad/Arquitectura de Computadores/WW/proyecto-grupo-16/Proyecto Base.runs/synth_1/runme.log
[Sat Nov 12 12:16:41 2022] Launched impl_1...
Run output will be captured here: C:/Users/Pancho/Desktop/Universidad/Arquitectura de Computadores/WW/proyecto-grupo-16/Proyecto Base.runs/impl_1/runme.log
launch_runs impl_1 -to_step write_bitstream -jobs 4
[Sat Nov 12 12:20:39 2022] Launched impl_1...
Run output will be captured here: C:/Users/Pancho/Desktop/Universidad/Arquitectura de Computadores/WW/proyecto-grupo-16/Proyecto Base.runs/impl_1/runme.log
set_property PROBES.FILE {} [get_hw_devices xc7a35t_0]
set_property FULL_PROBES.FILE {} [get_hw_devices xc7a35t_0]
set_property PROGRAM.FILE {C:/Users/Pancho/Desktop/Universidad/Arquitectura de Computadores/WW/proyecto-grupo-16/Proyecto Base.runs/impl_1/Basys3.bit} [get_hw_devices xc7a35t_0]
program_hw_devices [get_hw_devices xc7a35t_0]
INFO: [Labtools 27-3164] End of startup status: HIGH
refresh_hw_device [lindex [get_hw_devices xc7a35t_0] 0]
INFO: [Labtools 27-1434] Device xc7a35t (JTAG device index = 0) is programmed with a design that has no supported debug core(s) in it.
set_property PROBES.FILE {} [get_hw_devices xc7a35t_0]
set_property FULL_PROBES.FILE {} [get_hw_devices xc7a35t_0]
set_property PROGRAM.FILE {C:/Users/Pancho/Desktop/Universidad/Arquitectura de Computadores/WW/proyecto-grupo-16/Proyecto Base.runs/impl_1/Basys3.bit} [get_hw_devices xc7a35t_0]
program_hw_devices [get_hw_devices xc7a35t_0]
INFO: [Labtools 27-3164] End of startup status: HIGH
refresh_hw_device [lindex [get_hw_devices xc7a35t_0] 0]
INFO: [Labtools 27-1434] Device xc7a35t (JTAG device index = 0) is programmed with a design that has no supported debug core(s) in it.
reset_run impl_1
launch_runs impl_1 -jobs 4
[Sat Nov 12 12:58:23 2022] Launched impl_1...
Run output will be captured here: C:/Users/Pancho/Desktop/Universidad/Arquitectura de Computadores/WW/proyecto-grupo-16/Proyecto Base.runs/impl_1/runme.log
reset_run synth_1
launch_runs impl_1 -to_step write_bitstream -jobs 4
[Sat Nov 12 13:00:32 2022] Launched synth_1...
Run output will be captured here: C:/Users/Pancho/Desktop/Universidad/Arquitectura de Computadores/WW/proyecto-grupo-16/Proyecto Base.runs/synth_1/runme.log
[Sat Nov 12 13:00:32 2022] Launched impl_1...
Run output will be captured here: C:/Users/Pancho/Desktop/Universidad/Arquitectura de Computadores/WW/proyecto-grupo-16/Proyecto Base.runs/impl_1/runme.log
set_property PROBES.FILE {} [get_hw_devices xc7a35t_0]
set_property FULL_PROBES.FILE {} [get_hw_devices xc7a35t_0]
set_property PROGRAM.FILE {C:/Users/Pancho/Desktop/Universidad/Arquitectura de Computadores/WW/proyecto-grupo-16/Proyecto Base.runs/impl_1/Basys3.bit} [get_hw_devices xc7a35t_0]
program_hw_devices [get_hw_devices xc7a35t_0]
INFO: [Labtools 27-3164] End of startup status: HIGH
refresh_hw_device [lindex [get_hw_devices xc7a35t_0] 0]
INFO: [Labtools 27-1434] Device xc7a35t (JTAG device index = 0) is programmed with a design that has no supported debug core(s) in it.
ERROR: [Labtoolstcl 44-513] HW Target shutdown. Closing target: localhost:3121/xilinx_tcf/Digilent/210183B4114FA
INFO: [Labtoolstcl 44-466] Opening hw_target localhost:3121/xilinx_tcf/Digilent/210183B4114FA
INFO: [Labtools 27-1434] Device xc7a35t (JTAG device index = 0) is programmed with a design that has no supported debug core(s) in it.
WARNING: [Labtoolstcl 44-129] No matching hw_ila_data was found.
set_property PROBES.FILE {} [get_hw_devices xc7a35t_0]
set_property FULL_PROBES.FILE {} [get_hw_devices xc7a35t_0]
set_property PROGRAM.FILE {C:/Users/Pancho/Desktop/Universidad/Arquitectura de Computadores/WW/proyecto-grupo-16/Proyecto Base.runs/impl_1/Basys3.bit} [get_hw_devices xc7a35t_0]
program_hw_devices [get_hw_devices xc7a35t_0]
INFO: [Labtools 27-3164] End of startup status: HIGH
refresh_hw_device [lindex [get_hw_devices xc7a35t_0] 0]
INFO: [Labtools 27-1434] Device xc7a35t (JTAG device index = 0) is programmed with a design that has no supported debug core(s) in it.
set_property PROBES.FILE {} [get_hw_devices xc7a35t_0]
set_property FULL_PROBES.FILE {} [get_hw_devices xc7a35t_0]
set_property PROGRAM.FILE {C:/Users/Pancho/Desktop/Universidad/Arquitectura de Computadores/WW/proyecto-grupo-16/Proyecto Base.runs/impl_1/Basys3.bit} [get_hw_devices xc7a35t_0]
program_hw_devices [get_hw_devices xc7a35t_0]
INFO: [Labtools 27-3164] End of startup status: HIGH
refresh_hw_device [lindex [get_hw_devices xc7a35t_0] 0]
INFO: [Labtools 27-1434] Device xc7a35t (JTAG device index = 0) is programmed with a design that has no supported debug core(s) in it.
close_hw_manager
reset_run synth_1
launch_runs impl_1 -jobs 4
[Sat Nov 12 18:22:46 2022] Launched synth_1...
Run output will be captured here: C:/Users/Pancho/Desktop/Universidad/Arquitectura de Computadores/WW/proyecto-grupo-16/Proyecto Base.runs/synth_1/runme.log
[Sat Nov 12 18:22:47 2022] Launched impl_1...
Run output will be captured here: C:/Users/Pancho/Desktop/Universidad/Arquitectura de Computadores/WW/proyecto-grupo-16/Proyecto Base.runs/impl_1/runme.log
launch_runs impl_1 -to_step write_bitstream -jobs 4
[Sat Nov 12 18:25:49 2022] Launched impl_1...
Run output will be captured here: C:/Users/Pancho/Desktop/Universidad/Arquitectura de Computadores/WW/proyecto-grupo-16/Proyecto Base.runs/impl_1/runme.log
open_hw_manager
connect_hw_server -allow_non_jtag
INFO: [Labtools 27-2285] Connecting to hw_server url TCP:localhost:3121
INFO: [Labtools 27-2222] Launching hw_server...
INFO: [Labtools 27-2221] Launch Output:

****** Xilinx hw_server v2021.1
  **** Build date : Jun 10 2021 at 20:17:23
    ** Copyright 1986-2021 Xilinx, Inc. All Rights Reserved.


INFO: [Labtools 27-3415] Connecting to cs_server url TCP:localhost:3042
INFO: [Labtools 27-3417] Launching cs_server...
INFO: [Labtools 27-2221] Launch Output:


******** Xilinx cs_server v2021.1
  ****** Build date   : May 26 2021-13:32:33
    **** Build number : 2021.1.1622050353
      ** Copyright 2017-2022 Xilinx, Inc. All Rights Reserved.



connect_hw_server: Time (s): cpu = 00:00:00 ; elapsed = 00:00:08 . Memory (MB): peak = 2789.680 ; gain = 0.000
open_hw_target
INFO: [Labtoolstcl 44-466] Opening hw_target localhost:3121/xilinx_tcf/Digilent/210183B4114FA
set_property PROGRAM.FILE {C:/Users/Pancho/Desktop/Universidad/Arquitectura de Computadores/WW/proyecto-grupo-16/Proyecto Base.runs/impl_1/Basys3.bit} [get_hw_devices xc7a35t_0]
current_hw_device [get_hw_devices xc7a35t_0]
refresh_hw_device -update_hw_probes false [lindex [get_hw_devices xc7a35t_0] 0]
INFO: [Labtools 27-1434] Device xc7a35t (JTAG device index = 0) is programmed with a design that has no supported debug core(s) in it.
set_property PROBES.FILE {} [get_hw_devices xc7a35t_0]
set_property FULL_PROBES.FILE {} [get_hw_devices xc7a35t_0]
set_property PROGRAM.FILE {C:/Users/Pancho/Desktop/Universidad/Arquitectura de Computadores/WW/proyecto-grupo-16/Proyecto Base.runs/impl_1/Basys3.bit} [get_hw_devices xc7a35t_0]
program_hw_devices [get_hw_devices xc7a35t_0]
INFO: [Labtools 27-3164] End of startup status: HIGH
refresh_hw_device [lindex [get_hw_devices xc7a35t_0] 0]
INFO: [Labtools 27-1434] Device xc7a35t (JTAG device index = 0) is programmed with a design that has no supported debug core(s) in it.
reset_run synth_1
launch_runs impl_1 -jobs 4
[Sat Nov 12 18:54:25 2022] Launched synth_1...
Run output will be captured here: C:/Users/Pancho/Desktop/Universidad/Arquitectura de Computadores/WW/proyecto-grupo-16/Proyecto Base.runs/synth_1/runme.log
[Sat Nov 12 18:54:25 2022] Launched impl_1...
Run output will be captured here: C:/Users/Pancho/Desktop/Universidad/Arquitectura de Computadores/WW/proyecto-grupo-16/Proyecto Base.runs/impl_1/runme.log
reset_run synth_1
launch_runs impl_1 -jobs 4
[Sat Nov 12 18:56:20 2022] Launched synth_1...
Run output will be captured here: C:/Users/Pancho/Desktop/Universidad/Arquitectura de Computadores/WW/proyecto-grupo-16/Proyecto Base.runs/synth_1/runme.log
[Sat Nov 12 18:56:20 2022] Launched impl_1...
Run output will be captured here: C:/Users/Pancho/Desktop/Universidad/Arquitectura de Computadores/WW/proyecto-grupo-16/Proyecto Base.runs/impl_1/runme.log
launch_runs impl_1 -to_step write_bitstream -jobs 4
[Sat Nov 12 18:59:25 2022] Launched impl_1...
Run output will be captured here: C:/Users/Pancho/Desktop/Universidad/Arquitectura de Computadores/WW/proyecto-grupo-16/Proyecto Base.runs/impl_1/runme.log
set_property PROBES.FILE {} [get_hw_devices xc7a35t_0]
set_property FULL_PROBES.FILE {} [get_hw_devices xc7a35t_0]
set_property PROGRAM.FILE {C:/Users/Pancho/Desktop/Universidad/Arquitectura de Computadores/WW/proyecto-grupo-16/Proyecto Base.runs/impl_1/Basys3.bit} [get_hw_devices xc7a35t_0]
program_hw_devices [get_hw_devices xc7a35t_0]
INFO: [Labtools 27-3164] End of startup status: HIGH
refresh_hw_device [lindex [get_hw_devices xc7a35t_0] 0]
INFO: [Labtools 27-1434] Device xc7a35t (JTAG device index = 0) is programmed with a design that has no supported debug core(s) in it.
ERROR: [Labtoolstcl 44-513] HW Target shutdown. Closing target: localhost:3121/xilinx_tcf/Digilent/210183B4114FA
INFO: [Labtoolstcl 44-466] Opening hw_target localhost:3121/xilinx_tcf/Digilent/210183B4114FA
INFO: [Labtools 27-1434] Device xc7a35t (JTAG device index = 0) is programmed with a design that has no supported debug core(s) in it.
WARNING: [Labtoolstcl 44-129] No matching hw_ila_data was found.
set_property PROBES.FILE {} [get_hw_devices xc7a35t_0]
set_property FULL_PROBES.FILE {} [get_hw_devices xc7a35t_0]
set_property PROGRAM.FILE {C:/Users/Pancho/Desktop/Universidad/Arquitectura de Computadores/WW/proyecto-grupo-16/Proyecto Base.runs/impl_1/Basys3.bit} [get_hw_devices xc7a35t_0]
program_hw_devices [get_hw_devices xc7a35t_0]
INFO: [Labtools 27-3164] End of startup status: HIGH
refresh_hw_device [lindex [get_hw_devices xc7a35t_0] 0]
INFO: [Labtools 27-1434] Device xc7a35t (JTAG device index = 0) is programmed with a design that has no supported debug core(s) in it.
reset_run synth_1
launch_runs impl_1 -jobs 4
[Sun Nov 13 17:49:37 2022] Launched synth_1...
Run output will be captured here: C:/Users/Pancho/Desktop/Universidad/Arquitectura de Computadores/WW/proyecto-grupo-16/Proyecto Base.runs/synth_1/runme.log
[Sun Nov 13 17:49:37 2022] Launched impl_1...
Run output will be captured here: C:/Users/Pancho/Desktop/Universidad/Arquitectura de Computadores/WW/proyecto-grupo-16/Proyecto Base.runs/impl_1/runme.log
launch_runs impl_1 -to_step write_bitstream -jobs 4
[Sun Nov 13 17:53:34 2022] Launched impl_1...
Run output will be captured here: C:/Users/Pancho/Desktop/Universidad/Arquitectura de Computadores/WW/proyecto-grupo-16/Proyecto Base.runs/impl_1/runme.log
set_property PROBES.FILE {} [get_hw_devices xc7a35t_0]
set_property FULL_PROBES.FILE {} [get_hw_devices xc7a35t_0]
set_property PROGRAM.FILE {C:/Users/Pancho/Desktop/Universidad/Arquitectura de Computadores/WW/proyecto-grupo-16/Proyecto Base.runs/impl_1/Basys3.bit} [get_hw_devices xc7a35t_0]
program_hw_devices [get_hw_devices xc7a35t_0]
INFO: [Labtools 27-3164] End of startup status: HIGH
refresh_hw_device [lindex [get_hw_devices xc7a35t_0] 0]
INFO: [Labtools 27-1434] Device xc7a35t (JTAG device index = 0) is programmed with a design that has no supported debug core(s) in it.
close_hw_manager
close [ open {C:/Users/Pancho/Desktop/Universidad/Arquitectura de Computadores/WW/proyecto-grupo-16/Proyecto Base.srcs/sources_1/new/MUX16x8.vhd} w ]
add_files {{C:/Users/Pancho/Desktop/Universidad/Arquitectura de Computadores/WW/proyecto-grupo-16/Proyecto Base.srcs/sources_1/new/MUX16x8.vhd}}
update_compile_order -fileset sources_1
