
*** Running vivado
    with args -log Basys3.vds -m64 -product Vivado -mode batch -messageDb vivado.pb -notrace -source Basys3.tcl



****** Vivado v2021.1 (64-bit)
  **** SW Build 3247384 on Thu Jun 10 19:36:33 MDT 2021
  **** IP Build 3246043 on Fri Jun 11 00:30:35 MDT 2021
    ** Copyright 1986-2021 Xilinx, Inc. All Rights Reserved.

source Basys3.tcl -notrace
Command: synth_design -top Basys3 -part xc7a35tcpg236-1
Starting synth_design
Attempting to get a license for feature 'Synthesis' and/or device 'xc7a35t'
INFO: [Common 17-349] Got license for feature 'Synthesis' and/or device 'xc7a35t'
INFO: [Device 21-403] Loading part xc7a35tcpg236-1
INFO: [Synth 8-7079] Multithreading enabled for synth_design using a maximum of 2 processes.
INFO: [Synth 8-7078] Launching helper process for spawning children vivado processes
INFO: [Synth 8-7075] Helper process launched with PID 1304
---------------------------------------------------------------------------------
Starting RTL Elaboration : Time (s): cpu = 00:00:06 ; elapsed = 00:00:09 . Memory (MB): peak = 1137.348 ; gain = 0.000
---------------------------------------------------------------------------------
INFO: [Synth 8-638] synthesizing module 'Basys3' [C:/Users/Pancho/Desktop/Universidad/Arquitectura de Computadores/WW/proyecto-grupo-16/Proyecto Base.srcs/sources_1/new/Basys3.vhd:18]
INFO: [Synth 8-3491] module 'CPU' declared at 'C:/Users/Pancho/Desktop/Universidad/Arquitectura de Computadores/WW/proyecto-grupo-16/Proyecto Base.srcs/sources_1/new/CPU.vhd:7' bound to instance 'inst_CPU' of component 'CPU' [C:/Users/Pancho/Desktop/Universidad/Arquitectura de Computadores/WW/proyecto-grupo-16/Proyecto Base.srcs/sources_1/new/Basys3.vhd:201]
INFO: [Synth 8-638] synthesizing module 'CPU' [C:/Users/Pancho/Desktop/Universidad/Arquitectura de Computadores/WW/proyecto-grupo-16/Proyecto Base.srcs/sources_1/new/CPU.vhd:22]
INFO: [Synth 8-3491] module 'Reg' declared at 'C:/Users/Pancho/Desktop/Universidad/Arquitectura de Computadores/WW/proyecto-grupo-16/Proyecto Base.srcs/sources_1/new/Reg.vhd:7' bound to instance 'RegA' of component 'Reg' [C:/Users/Pancho/Desktop/Universidad/Arquitectura de Computadores/WW/proyecto-grupo-16/Proyecto Base.srcs/sources_1/new/CPU.vhd:148]
INFO: [Synth 8-638] synthesizing module 'Reg' [C:/Users/Pancho/Desktop/Universidad/Arquitectura de Computadores/WW/proyecto-grupo-16/Proyecto Base.srcs/sources_1/new/Reg.vhd:17]
INFO: [Synth 8-256] done synthesizing module 'Reg' (1#1) [C:/Users/Pancho/Desktop/Universidad/Arquitectura de Computadores/WW/proyecto-grupo-16/Proyecto Base.srcs/sources_1/new/Reg.vhd:17]
INFO: [Synth 8-3491] module 'Reg' declared at 'C:/Users/Pancho/Desktop/Universidad/Arquitectura de Computadores/WW/proyecto-grupo-16/Proyecto Base.srcs/sources_1/new/Reg.vhd:7' bound to instance 'RegB' of component 'Reg' [C:/Users/Pancho/Desktop/Universidad/Arquitectura de Computadores/WW/proyecto-grupo-16/Proyecto Base.srcs/sources_1/new/CPU.vhd:158]
INFO: [Synth 8-3491] module 'MUX16x4' declared at 'C:/Users/Pancho/Desktop/Universidad/Arquitectura de Computadores/WW/proyecto-grupo-16/Proyecto Base.srcs/sources_1/new/MUX16.vhd:34' bound to instance 'MuxA' of component 'MUX16x4' [C:/Users/Pancho/Desktop/Universidad/Arquitectura de Computadores/WW/proyecto-grupo-16/Proyecto Base.srcs/sources_1/new/CPU.vhd:169]
INFO: [Synth 8-638] synthesizing module 'MUX16x4' [C:/Users/Pancho/Desktop/Universidad/Arquitectura de Computadores/WW/proyecto-grupo-16/Proyecto Base.srcs/sources_1/new/MUX16.vhd:43]
INFO: [Synth 8-256] done synthesizing module 'MUX16x4' (2#1) [C:/Users/Pancho/Desktop/Universidad/Arquitectura de Computadores/WW/proyecto-grupo-16/Proyecto Base.srcs/sources_1/new/MUX16.vhd:43]
INFO: [Synth 8-3491] module 'MUX16x4' declared at 'C:/Users/Pancho/Desktop/Universidad/Arquitectura de Computadores/WW/proyecto-grupo-16/Proyecto Base.srcs/sources_1/new/MUX16.vhd:34' bound to instance 'MuxB' of component 'MUX16x4' [C:/Users/Pancho/Desktop/Universidad/Arquitectura de Computadores/WW/proyecto-grupo-16/Proyecto Base.srcs/sources_1/new/CPU.vhd:179]
INFO: [Synth 8-638] synthesizing module 'MUX16x4__parameterized1' [C:/Users/Pancho/Desktop/Universidad/Arquitectura de Computadores/WW/proyecto-grupo-16/Proyecto Base.srcs/sources_1/new/MUX16.vhd:43]
INFO: [Synth 8-256] done synthesizing module 'MUX16x4__parameterized1' (2#1) [C:/Users/Pancho/Desktop/Universidad/Arquitectura de Computadores/WW/proyecto-grupo-16/Proyecto Base.srcs/sources_1/new/MUX16.vhd:43]
INFO: [Synth 8-3491] module 'ALU' declared at 'C:/Users/Pancho/Desktop/Universidad/Arquitectura de Computadores/WW/proyecto-grupo-16/Proyecto Base.srcs/sources_1/new/ALU.vhd:4' bound to instance 'ALU1' of component 'ALU' [C:/Users/Pancho/Desktop/Universidad/Arquitectura de Computadores/WW/proyecto-grupo-16/Proyecto Base.srcs/sources_1/new/CPU.vhd:189]
INFO: [Synth 8-638] synthesizing module 'ALU' [C:/Users/Pancho/Desktop/Universidad/Arquitectura de Computadores/WW/proyecto-grupo-16/Proyecto Base.srcs/sources_1/new/ALU.vhd:14]
INFO: [Synth 8-3491] module 'Adder16' declared at 'C:/Users/Pancho/Desktop/Universidad/Arquitectura de Computadores/WW/proyecto-grupo-16/Proyecto Base.srcs/sources_1/new/Adder16.vhd:5' bound to instance 'adder' of component 'Adder16' [C:/Users/Pancho/Desktop/Universidad/Arquitectura de Computadores/WW/proyecto-grupo-16/Proyecto Base.srcs/sources_1/new/ALU.vhd:42]
INFO: [Synth 8-638] synthesizing module 'Adder16' [C:/Users/Pancho/Desktop/Universidad/Arquitectura de Computadores/WW/proyecto-grupo-16/Proyecto Base.srcs/sources_1/new/Adder16.vhd:13]
INFO: [Synth 8-3491] module 'FA' declared at 'C:/Users/Pancho/Desktop/Universidad/Arquitectura de Computadores/WW/proyecto-grupo-16/Proyecto Base.srcs/sources_1/new/FA.vhd:4' bound to instance 'inst_FA0' of component 'FA' [C:/Users/Pancho/Desktop/Universidad/Arquitectura de Computadores/WW/proyecto-grupo-16/Proyecto Base.srcs/sources_1/new/Adder16.vhd:27]
INFO: [Synth 8-638] synthesizing module 'FA' [C:/Users/Pancho/Desktop/Universidad/Arquitectura de Computadores/WW/proyecto-grupo-16/Proyecto Base.srcs/sources_1/new/FA.vhd:12]
INFO: [Synth 8-3491] module 'HA' declared at 'C:/Users/Pancho/Desktop/Universidad/Arquitectura de Computadores/WW/proyecto-grupo-16/Proyecto Base.srcs/sources_1/new/HA.vhd:5' bound to instance 'inst_HA' of component 'HA' [C:/Users/Pancho/Desktop/Universidad/Arquitectura de Computadores/WW/proyecto-grupo-16/Proyecto Base.srcs/sources_1/new/FA.vhd:29]
INFO: [Synth 8-638] synthesizing module 'HA' [C:/Users/Pancho/Desktop/Universidad/Arquitectura de Computadores/WW/proyecto-grupo-16/Proyecto Base.srcs/sources_1/new/HA.vhd:12]
INFO: [Synth 8-256] done synthesizing module 'HA' (3#1) [C:/Users/Pancho/Desktop/Universidad/Arquitectura de Computadores/WW/proyecto-grupo-16/Proyecto Base.srcs/sources_1/new/HA.vhd:12]
INFO: [Synth 8-3491] module 'HA' declared at 'C:/Users/Pancho/Desktop/Universidad/Arquitectura de Computadores/WW/proyecto-grupo-16/Proyecto Base.srcs/sources_1/new/HA.vhd:5' bound to instance 'inst_HA2' of component 'HA' [C:/Users/Pancho/Desktop/Universidad/Arquitectura de Computadores/WW/proyecto-grupo-16/Proyecto Base.srcs/sources_1/new/FA.vhd:36]
INFO: [Synth 8-256] done synthesizing module 'FA' (4#1) [C:/Users/Pancho/Desktop/Universidad/Arquitectura de Computadores/WW/proyecto-grupo-16/Proyecto Base.srcs/sources_1/new/FA.vhd:12]
INFO: [Synth 8-3491] module 'FA' declared at 'C:/Users/Pancho/Desktop/Universidad/Arquitectura de Computadores/WW/proyecto-grupo-16/Proyecto Base.srcs/sources_1/new/FA.vhd:4' bound to instance 'inst_FA1' of component 'FA' [C:/Users/Pancho/Desktop/Universidad/Arquitectura de Computadores/WW/proyecto-grupo-16/Proyecto Base.srcs/sources_1/new/Adder16.vhd:35]
INFO: [Synth 8-3491] module 'FA' declared at 'C:/Users/Pancho/Desktop/Universidad/Arquitectura de Computadores/WW/proyecto-grupo-16/Proyecto Base.srcs/sources_1/new/FA.vhd:4' bound to instance 'inst_FA2' of component 'FA' [C:/Users/Pancho/Desktop/Universidad/Arquitectura de Computadores/WW/proyecto-grupo-16/Proyecto Base.srcs/sources_1/new/Adder16.vhd:43]
INFO: [Synth 8-3491] module 'FA' declared at 'C:/Users/Pancho/Desktop/Universidad/Arquitectura de Computadores/WW/proyecto-grupo-16/Proyecto Base.srcs/sources_1/new/FA.vhd:4' bound to instance 'inst_FA3' of component 'FA' [C:/Users/Pancho/Desktop/Universidad/Arquitectura de Computadores/WW/proyecto-grupo-16/Proyecto Base.srcs/sources_1/new/Adder16.vhd:51]
INFO: [Synth 8-3491] module 'FA' declared at 'C:/Users/Pancho/Desktop/Universidad/Arquitectura de Computadores/WW/proyecto-grupo-16/Proyecto Base.srcs/sources_1/new/FA.vhd:4' bound to instance 'inst_FA4' of component 'FA' [C:/Users/Pancho/Desktop/Universidad/Arquitectura de Computadores/WW/proyecto-grupo-16/Proyecto Base.srcs/sources_1/new/Adder16.vhd:59]
INFO: [Synth 8-3491] module 'FA' declared at 'C:/Users/Pancho/Desktop/Universidad/Arquitectura de Computadores/WW/proyecto-grupo-16/Proyecto Base.srcs/sources_1/new/FA.vhd:4' bound to instance 'inst_FA5' of component 'FA' [C:/Users/Pancho/Desktop/Universidad/Arquitectura de Computadores/WW/proyecto-grupo-16/Proyecto Base.srcs/sources_1/new/Adder16.vhd:67]
INFO: [Synth 8-3491] module 'FA' declared at 'C:/Users/Pancho/Desktop/Universidad/Arquitectura de Computadores/WW/proyecto-grupo-16/Proyecto Base.srcs/sources_1/new/FA.vhd:4' bound to instance 'inst_FA6' of component 'FA' [C:/Users/Pancho/Desktop/Universidad/Arquitectura de Computadores/WW/proyecto-grupo-16/Proyecto Base.srcs/sources_1/new/Adder16.vhd:75]
INFO: [Synth 8-3491] module 'FA' declared at 'C:/Users/Pancho/Desktop/Universidad/Arquitectura de Computadores/WW/proyecto-grupo-16/Proyecto Base.srcs/sources_1/new/FA.vhd:4' bound to instance 'inst_FA7' of component 'FA' [C:/Users/Pancho/Desktop/Universidad/Arquitectura de Computadores/WW/proyecto-grupo-16/Proyecto Base.srcs/sources_1/new/Adder16.vhd:83]
INFO: [Synth 8-3491] module 'FA' declared at 'C:/Users/Pancho/Desktop/Universidad/Arquitectura de Computadores/WW/proyecto-grupo-16/Proyecto Base.srcs/sources_1/new/FA.vhd:4' bound to instance 'inst_FA8' of component 'FA' [C:/Users/Pancho/Desktop/Universidad/Arquitectura de Computadores/WW/proyecto-grupo-16/Proyecto Base.srcs/sources_1/new/Adder16.vhd:91]
INFO: [Synth 8-3491] module 'FA' declared at 'C:/Users/Pancho/Desktop/Universidad/Arquitectura de Computadores/WW/proyecto-grupo-16/Proyecto Base.srcs/sources_1/new/FA.vhd:4' bound to instance 'inst_FA9' of component 'FA' [C:/Users/Pancho/Desktop/Universidad/Arquitectura de Computadores/WW/proyecto-grupo-16/Proyecto Base.srcs/sources_1/new/Adder16.vhd:99]
INFO: [Synth 8-3491] module 'FA' declared at 'C:/Users/Pancho/Desktop/Universidad/Arquitectura de Computadores/WW/proyecto-grupo-16/Proyecto Base.srcs/sources_1/new/FA.vhd:4' bound to instance 'inst_FA10' of component 'FA' [C:/Users/Pancho/Desktop/Universidad/Arquitectura de Computadores/WW/proyecto-grupo-16/Proyecto Base.srcs/sources_1/new/Adder16.vhd:107]
INFO: [Synth 8-3491] module 'FA' declared at 'C:/Users/Pancho/Desktop/Universidad/Arquitectura de Computadores/WW/proyecto-grupo-16/Proyecto Base.srcs/sources_1/new/FA.vhd:4' bound to instance 'inst_FA11' of component 'FA' [C:/Users/Pancho/Desktop/Universidad/Arquitectura de Computadores/WW/proyecto-grupo-16/Proyecto Base.srcs/sources_1/new/Adder16.vhd:115]
INFO: [Synth 8-3491] module 'FA' declared at 'C:/Users/Pancho/Desktop/Universidad/Arquitectura de Computadores/WW/proyecto-grupo-16/Proyecto Base.srcs/sources_1/new/FA.vhd:4' bound to instance 'inst_FA12' of component 'FA' [C:/Users/Pancho/Desktop/Universidad/Arquitectura de Computadores/WW/proyecto-grupo-16/Proyecto Base.srcs/sources_1/new/Adder16.vhd:123]
INFO: [Synth 8-3491] module 'FA' declared at 'C:/Users/Pancho/Desktop/Universidad/Arquitectura de Computadores/WW/proyecto-grupo-16/Proyecto Base.srcs/sources_1/new/FA.vhd:4' bound to instance 'inst_FA13' of component 'FA' [C:/Users/Pancho/Desktop/Universidad/Arquitectura de Computadores/WW/proyecto-grupo-16/Proyecto Base.srcs/sources_1/new/Adder16.vhd:131]
INFO: [Synth 8-3491] module 'FA' declared at 'C:/Users/Pancho/Desktop/Universidad/Arquitectura de Computadores/WW/proyecto-grupo-16/Proyecto Base.srcs/sources_1/new/FA.vhd:4' bound to instance 'inst_FA14' of component 'FA' [C:/Users/Pancho/Desktop/Universidad/Arquitectura de Computadores/WW/proyecto-grupo-16/Proyecto Base.srcs/sources_1/new/Adder16.vhd:139]
INFO: [Synth 8-3491] module 'FA' declared at 'C:/Users/Pancho/Desktop/Universidad/Arquitectura de Computadores/WW/proyecto-grupo-16/Proyecto Base.srcs/sources_1/new/FA.vhd:4' bound to instance 'inst_FA15' of component 'FA' [C:/Users/Pancho/Desktop/Universidad/Arquitectura de Computadores/WW/proyecto-grupo-16/Proyecto Base.srcs/sources_1/new/Adder16.vhd:147]
INFO: [Synth 8-256] done synthesizing module 'Adder16' (5#1) [C:/Users/Pancho/Desktop/Universidad/Arquitectura de Computadores/WW/proyecto-grupo-16/Proyecto Base.srcs/sources_1/new/Adder16.vhd:13]
INFO: [Synth 8-256] done synthesizing module 'ALU' (6#1) [C:/Users/Pancho/Desktop/Universidad/Arquitectura de Computadores/WW/proyecto-grupo-16/Proyecto Base.srcs/sources_1/new/ALU.vhd:14]
INFO: [Synth 8-3491] module 'Reg' declared at 'C:/Users/Pancho/Desktop/Universidad/Arquitectura de Computadores/WW/proyecto-grupo-16/Proyecto Base.srcs/sources_1/new/Reg.vhd:7' bound to instance 'Status' of component 'Reg' [C:/Users/Pancho/Desktop/Universidad/Arquitectura de Computadores/WW/proyecto-grupo-16/Proyecto Base.srcs/sources_1/new/CPU.vhd:202]
INFO: [Synth 8-3491] module 'MUX16x4' declared at 'C:/Users/Pancho/Desktop/Universidad/Arquitectura de Computadores/WW/proyecto-grupo-16/Proyecto Base.srcs/sources_1/new/MUX16.vhd:34' bound to instance 'MuxPC' of component 'MUX16x4' [C:/Users/Pancho/Desktop/Universidad/Arquitectura de Computadores/WW/proyecto-grupo-16/Proyecto Base.srcs/sources_1/new/CPU.vhd:223]
INFO: [Synth 8-638] synthesizing module 'MUX16x4__parameterized3' [C:/Users/Pancho/Desktop/Universidad/Arquitectura de Computadores/WW/proyecto-grupo-16/Proyecto Base.srcs/sources_1/new/MUX16.vhd:43]
INFO: [Synth 8-256] done synthesizing module 'MUX16x4__parameterized3' (6#1) [C:/Users/Pancho/Desktop/Universidad/Arquitectura de Computadores/WW/proyecto-grupo-16/Proyecto Base.srcs/sources_1/new/MUX16.vhd:43]
INFO: [Synth 8-3491] module 'Reg' declared at 'C:/Users/Pancho/Desktop/Universidad/Arquitectura de Computadores/WW/proyecto-grupo-16/Proyecto Base.srcs/sources_1/new/Reg.vhd:7' bound to instance 'PC' of component 'Reg' [C:/Users/Pancho/Desktop/Universidad/Arquitectura de Computadores/WW/proyecto-grupo-16/Proyecto Base.srcs/sources_1/new/CPU.vhd:232]
INFO: [Synth 8-3491] module 'ALU' declared at 'C:/Users/Pancho/Desktop/Universidad/Arquitectura de Computadores/WW/proyecto-grupo-16/Proyecto Base.srcs/sources_1/new/ALU.vhd:4' bound to instance 'ADDER' of component 'ALU' [C:/Users/Pancho/Desktop/Universidad/Arquitectura de Computadores/WW/proyecto-grupo-16/Proyecto Base.srcs/sources_1/new/CPU.vhd:243]
INFO: [Synth 8-638] synthesizing module 'ALU__parameterized1' [C:/Users/Pancho/Desktop/Universidad/Arquitectura de Computadores/WW/proyecto-grupo-16/Proyecto Base.srcs/sources_1/new/ALU.vhd:14]
INFO: [Synth 8-3491] module 'Adder16' declared at 'C:/Users/Pancho/Desktop/Universidad/Arquitectura de Computadores/WW/proyecto-grupo-16/Proyecto Base.srcs/sources_1/new/Adder16.vhd:5' bound to instance 'adder' of component 'Adder16' [C:/Users/Pancho/Desktop/Universidad/Arquitectura de Computadores/WW/proyecto-grupo-16/Proyecto Base.srcs/sources_1/new/ALU.vhd:42]
INFO: [Synth 8-256] done synthesizing module 'ALU__parameterized1' (6#1) [C:/Users/Pancho/Desktop/Universidad/Arquitectura de Computadores/WW/proyecto-grupo-16/Proyecto Base.srcs/sources_1/new/ALU.vhd:14]
INFO: [Synth 8-3491] module 'MUX16x4' declared at 'C:/Users/Pancho/Desktop/Universidad/Arquitectura de Computadores/WW/proyecto-grupo-16/Proyecto Base.srcs/sources_1/new/MUX16.vhd:34' bound to instance 'MuxDataIn' of component 'MUX16x4' [C:/Users/Pancho/Desktop/Universidad/Arquitectura de Computadores/WW/proyecto-grupo-16/Proyecto Base.srcs/sources_1/new/CPU.vhd:252]
INFO: [Synth 8-3491] module 'RegSP' declared at 'C:/Users/Pancho/Desktop/Universidad/Arquitectura de Computadores/WW/proyecto-grupo-16/Proyecto Base.srcs/sources_1/new/RegSP.vhd:7' bound to instance 'SP' of component 'RegSP' [C:/Users/Pancho/Desktop/Universidad/Arquitectura de Computadores/WW/proyecto-grupo-16/Proyecto Base.srcs/sources_1/new/CPU.vhd:263]
INFO: [Synth 8-638] synthesizing module 'RegSP' [C:/Users/Pancho/Desktop/Universidad/Arquitectura de Computadores/WW/proyecto-grupo-16/Proyecto Base.srcs/sources_1/new/RegSP.vhd:17]
INFO: [Synth 8-256] done synthesizing module 'RegSP' (7#1) [C:/Users/Pancho/Desktop/Universidad/Arquitectura de Computadores/WW/proyecto-grupo-16/Proyecto Base.srcs/sources_1/new/RegSP.vhd:17]
INFO: [Synth 8-3491] module 'MUX16x4' declared at 'C:/Users/Pancho/Desktop/Universidad/Arquitectura de Computadores/WW/proyecto-grupo-16/Proyecto Base.srcs/sources_1/new/MUX16.vhd:34' bound to instance 'MuxS' of component 'MUX16x4' [C:/Users/Pancho/Desktop/Universidad/Arquitectura de Computadores/WW/proyecto-grupo-16/Proyecto Base.srcs/sources_1/new/CPU.vhd:274]
INFO: [Synth 8-638] synthesizing module 'MUX16x4__parameterized5' [C:/Users/Pancho/Desktop/Universidad/Arquitectura de Computadores/WW/proyecto-grupo-16/Proyecto Base.srcs/sources_1/new/MUX16.vhd:43]
INFO: [Synth 8-256] done synthesizing module 'MUX16x4__parameterized5' (7#1) [C:/Users/Pancho/Desktop/Universidad/Arquitectura de Computadores/WW/proyecto-grupo-16/Proyecto Base.srcs/sources_1/new/MUX16.vhd:43]
INFO: [Synth 8-3491] module 'ControlUnit' declared at 'C:/Users/Pancho/Desktop/Universidad/Arquitectura de Computadores/WW/proyecto-grupo-16/Proyecto Base.srcs/sources_1/new/ControlUnit.vhd:34' bound to instance 'CU' of component 'ControlUnit' [C:/Users/Pancho/Desktop/Universidad/Arquitectura de Computadores/WW/proyecto-grupo-16/Proyecto Base.srcs/sources_1/new/CPU.vhd:294]
INFO: [Synth 8-638] synthesizing module 'ControlUnit' [C:/Users/Pancho/Desktop/Universidad/Arquitectura de Computadores/WW/proyecto-grupo-16/Proyecto Base.srcs/sources_1/new/ControlUnit.vhd:53]
INFO: [Synth 8-256] done synthesizing module 'ControlUnit' (8#1) [C:/Users/Pancho/Desktop/Universidad/Arquitectura de Computadores/WW/proyecto-grupo-16/Proyecto Base.srcs/sources_1/new/ControlUnit.vhd:53]
INFO: [Synth 8-256] done synthesizing module 'CPU' (9#1) [C:/Users/Pancho/Desktop/Universidad/Arquitectura de Computadores/WW/proyecto-grupo-16/Proyecto Base.srcs/sources_1/new/CPU.vhd:22]
INFO: [Synth 8-3491] module 'ROM' declared at 'C:/Users/Pancho/Desktop/Universidad/Arquitectura de Computadores/WW/proyecto-grupo-16/Proyecto Base.srcs/sources_1/new/ROM.vhd:6' bound to instance 'inst_ROM' of component 'ROM' [C:/Users/Pancho/Desktop/Universidad/Arquitectura de Computadores/WW/proyecto-grupo-16/Proyecto Base.srcs/sources_1/new/Basys3.vhd:213]
INFO: [Synth 8-638] synthesizing module 'ROM' [C:/Users/Pancho/Desktop/Universidad/Arquitectura de Computadores/WW/proyecto-grupo-16/Proyecto Base.srcs/sources_1/new/ROM.vhd:17]
INFO: [Synth 8-256] done synthesizing module 'ROM' (10#1) [C:/Users/Pancho/Desktop/Universidad/Arquitectura de Computadores/WW/proyecto-grupo-16/Proyecto Base.srcs/sources_1/new/ROM.vhd:17]
INFO: [Synth 8-3491] module 'RAM' declared at 'C:/Users/Pancho/Desktop/Universidad/Arquitectura de Computadores/WW/proyecto-grupo-16/Proyecto Base.srcs/sources_1/new/RAM.vhd:8' bound to instance 'inst_RAM' of component 'RAM' [C:/Users/Pancho/Desktop/Universidad/Arquitectura de Computadores/WW/proyecto-grupo-16/Proyecto Base.srcs/sources_1/new/Basys3.vhd:223]
INFO: [Synth 8-638] synthesizing module 'RAM' [C:/Users/Pancho/Desktop/Universidad/Arquitectura de Computadores/WW/proyecto-grupo-16/Proyecto Base.srcs/sources_1/new/RAM.vhd:18]
INFO: [Synth 8-256] done synthesizing module 'RAM' (11#1) [C:/Users/Pancho/Desktop/Universidad/Arquitectura de Computadores/WW/proyecto-grupo-16/Proyecto Base.srcs/sources_1/new/RAM.vhd:18]
INFO: [Synth 8-3491] module 'Clock_Divider' declared at 'C:/Users/Pancho/Desktop/Universidad/Arquitectura de Computadores/WW/proyecto-grupo-16/Proyecto Base.srcs/sources_1/new/Clock_Divider.vhd:7' bound to instance 'inst_Clock_Divider' of component 'Clock_Divider' [C:/Users/Pancho/Desktop/Universidad/Arquitectura de Computadores/WW/proyecto-grupo-16/Proyecto Base.srcs/sources_1/new/Basys3.vhd:232]
INFO: [Synth 8-638] synthesizing module 'Clock_Divider' [C:/Users/Pancho/Desktop/Universidad/Arquitectura de Computadores/WW/proyecto-grupo-16/Proyecto Base.srcs/sources_1/new/Clock_Divider.vhd:13]
INFO: [Synth 8-256] done synthesizing module 'Clock_Divider' (12#1) [C:/Users/Pancho/Desktop/Universidad/Arquitectura de Computadores/WW/proyecto-grupo-16/Proyecto Base.srcs/sources_1/new/Clock_Divider.vhd:13]
INFO: [Synth 8-3491] module 'Display_Controller' declared at 'C:/Users/Pancho/Desktop/Universidad/Arquitectura de Computadores/WW/proyecto-grupo-16/Proyecto Base.srcs/sources_1/new/Display_Controller.vhd:7' bound to instance 'inst_Display_Controller' of component 'Display_Controller' [C:/Users/Pancho/Desktop/Universidad/Arquitectura de Computadores/WW/proyecto-grupo-16/Proyecto Base.srcs/sources_1/new/Basys3.vhd:239]
INFO: [Synth 8-638] synthesizing module 'Display_Controller' [C:/Users/Pancho/Desktop/Universidad/Arquitectura de Computadores/WW/proyecto-grupo-16/Proyecto Base.srcs/sources_1/new/Display_Controller.vhd:19]
INFO: [Synth 8-256] done synthesizing module 'Display_Controller' (13#1) [C:/Users/Pancho/Desktop/Universidad/Arquitectura de Computadores/WW/proyecto-grupo-16/Proyecto Base.srcs/sources_1/new/Display_Controller.vhd:19]
INFO: [Synth 8-3491] module 'Debouncer' declared at 'C:/Users/Pancho/Desktop/Universidad/Arquitectura de Computadores/WW/proyecto-grupo-16/Proyecto Base.srcs/sources_1/new/Debouncer.vhd:8' bound to instance 'inst_Debouncer0' of component 'Debouncer' [C:/Users/Pancho/Desktop/Universidad/Arquitectura de Computadores/WW/proyecto-grupo-16/Proyecto Base.srcs/sources_1/new/Basys3.vhd:250]
INFO: [Synth 8-638] synthesizing module 'Debouncer' [C:/Users/Pancho/Desktop/Universidad/Arquitectura de Computadores/WW/proyecto-grupo-16/Proyecto Base.srcs/sources_1/new/Debouncer.vhd:14]
INFO: [Synth 8-256] done synthesizing module 'Debouncer' (14#1) [C:/Users/Pancho/Desktop/Universidad/Arquitectura de Computadores/WW/proyecto-grupo-16/Proyecto Base.srcs/sources_1/new/Debouncer.vhd:14]
INFO: [Synth 8-3491] module 'Debouncer' declared at 'C:/Users/Pancho/Desktop/Universidad/Arquitectura de Computadores/WW/proyecto-grupo-16/Proyecto Base.srcs/sources_1/new/Debouncer.vhd:8' bound to instance 'inst_Debouncer1' of component 'Debouncer' [C:/Users/Pancho/Desktop/Universidad/Arquitectura de Computadores/WW/proyecto-grupo-16/Proyecto Base.srcs/sources_1/new/Basys3.vhd:251]
INFO: [Synth 8-3491] module 'Debouncer' declared at 'C:/Users/Pancho/Desktop/Universidad/Arquitectura de Computadores/WW/proyecto-grupo-16/Proyecto Base.srcs/sources_1/new/Debouncer.vhd:8' bound to instance 'inst_Debouncer2' of component 'Debouncer' [C:/Users/Pancho/Desktop/Universidad/Arquitectura de Computadores/WW/proyecto-grupo-16/Proyecto Base.srcs/sources_1/new/Basys3.vhd:252]
INFO: [Synth 8-3491] module 'Debouncer' declared at 'C:/Users/Pancho/Desktop/Universidad/Arquitectura de Computadores/WW/proyecto-grupo-16/Proyecto Base.srcs/sources_1/new/Debouncer.vhd:8' bound to instance 'inst_Debouncer3' of component 'Debouncer' [C:/Users/Pancho/Desktop/Universidad/Arquitectura de Computadores/WW/proyecto-grupo-16/Proyecto Base.srcs/sources_1/new/Basys3.vhd:253]
INFO: [Synth 8-3491] module 'Debouncer' declared at 'C:/Users/Pancho/Desktop/Universidad/Arquitectura de Computadores/WW/proyecto-grupo-16/Proyecto Base.srcs/sources_1/new/Debouncer.vhd:8' bound to instance 'inst_Debouncer4' of component 'Debouncer' [C:/Users/Pancho/Desktop/Universidad/Arquitectura de Computadores/WW/proyecto-grupo-16/Proyecto Base.srcs/sources_1/new/Basys3.vhd:254]
INFO: [Synth 8-3491] module 'Programmer' declared at 'C:/Users/Pancho/Desktop/Universidad/Arquitectura de Computadores/WW/proyecto-grupo-16/Proyecto Base.srcs/sources_1/new/Programmer.vhd:6' bound to instance 'inst_Programmer' of component 'Programmer' [C:/Users/Pancho/Desktop/Universidad/Arquitectura de Computadores/WW/proyecto-grupo-16/Proyecto Base.srcs/sources_1/new/Basys3.vhd:257]
INFO: [Synth 8-638] synthesizing module 'Programmer' [C:/Users/Pancho/Desktop/Universidad/Arquitectura de Computadores/WW/proyecto-grupo-16/Proyecto Base.srcs/sources_1/new/Programmer.vhd:17]
INFO: [Synth 8-3491] module 'UART' declared at 'C:/Users/Pancho/Desktop/Universidad/Arquitectura de Computadores/WW/proyecto-grupo-16/Proyecto Base.srcs/sources_1/new/UART.vhd:11' bound to instance 'inst_UART' of component 'UART' [C:/Users/Pancho/Desktop/Universidad/Arquitectura de Computadores/WW/proyecto-grupo-16/Proyecto Base.srcs/sources_1/new/Programmer.vhd:118]
INFO: [Synth 8-638] synthesizing module 'UART' [C:/Users/Pancho/Desktop/Universidad/Arquitectura de Computadores/WW/proyecto-grupo-16/Proyecto Base.srcs/sources_1/new/UART.vhd:37]
INFO: [Synth 8-256] done synthesizing module 'UART' (15#1) [C:/Users/Pancho/Desktop/Universidad/Arquitectura de Computadores/WW/proyecto-grupo-16/Proyecto Base.srcs/sources_1/new/UART.vhd:37]
INFO: [Synth 8-256] done synthesizing module 'Programmer' (16#1) [C:/Users/Pancho/Desktop/Universidad/Arquitectura de Computadores/WW/proyecto-grupo-16/Proyecto Base.srcs/sources_1/new/Programmer.vhd:17]
INFO: [Synth 8-3491] module 'Timer' declared at 'C:/Users/Pancho/Desktop/Universidad/Arquitectura de Computadores/WW/proyecto-grupo-16/Proyecto Base.srcs/sources_1/new/Timer.vhd:7' bound to instance 'Timer1' of component 'Timer' [C:/Users/Pancho/Desktop/Universidad/Arquitectura de Computadores/WW/proyecto-grupo-16/Proyecto Base.srcs/sources_1/new/Basys3.vhd:268]
INFO: [Synth 8-638] synthesizing module 'Timer' [C:/Users/Pancho/Desktop/Universidad/Arquitectura de Computadores/WW/proyecto-grupo-16/Proyecto Base.srcs/sources_1/new/Timer.vhd:16]
INFO: [Synth 8-256] done synthesizing module 'Timer' (17#1) [C:/Users/Pancho/Desktop/Universidad/Arquitectura de Computadores/WW/proyecto-grupo-16/Proyecto Base.srcs/sources_1/new/Timer.vhd:16]
INFO: [Synth 8-3491] module 'MUXIN' declared at 'C:/Users/Pancho/Desktop/Universidad/Arquitectura de Computadores/WW/proyecto-grupo-16/Proyecto Base.srcs/sources_1/new/MUX16x8.vhd:34' bound to instance 'MuxIN1' of component 'MUXIN' [C:/Users/Pancho/Desktop/Universidad/Arquitectura de Computadores/WW/proyecto-grupo-16/Proyecto Base.srcs/sources_1/new/Basys3.vhd:276]
INFO: [Synth 8-638] synthesizing module 'MUXIN' [C:/Users/Pancho/Desktop/Universidad/Arquitectura de Computadores/WW/proyecto-grupo-16/Proyecto Base.srcs/sources_1/new/MUX16x8.vhd:45]
INFO: [Synth 8-256] done synthesizing module 'MUXIN' (18#1) [C:/Users/Pancho/Desktop/Universidad/Arquitectura de Computadores/WW/proyecto-grupo-16/Proyecto Base.srcs/sources_1/new/MUX16x8.vhd:45]
INFO: [Synth 8-3491] module 'DeMuxOut' declared at 'C:/Users/Pancho/Desktop/Universidad/Arquitectura de Computadores/WW/proyecto-grupo-16/Proyecto Base.srcs/sources_1/new/DeMuxOut.vhd:34' bound to instance 'DeMuxOut1' of component 'DeMuxOut' [C:/Users/Pancho/Desktop/Universidad/Arquitectura de Computadores/WW/proyecto-grupo-16/Proyecto Base.srcs/sources_1/new/Basys3.vhd:287]
INFO: [Synth 8-638] synthesizing module 'DeMuxOut' [C:/Users/Pancho/Desktop/Universidad/Arquitectura de Computadores/WW/proyecto-grupo-16/Proyecto Base.srcs/sources_1/new/DeMuxOut.vhd:42]
INFO: [Synth 8-256] done synthesizing module 'DeMuxOut' (19#1) [C:/Users/Pancho/Desktop/Universidad/Arquitectura de Computadores/WW/proyecto-grupo-16/Proyecto Base.srcs/sources_1/new/DeMuxOut.vhd:42]
INFO: [Synth 8-3491] module 'Reg' declared at 'C:/Users/Pancho/Desktop/Universidad/Arquitectura de Computadores/WW/proyecto-grupo-16/Proyecto Base.srcs/sources_1/new/Reg.vhd:7' bound to instance 'RegDis' of component 'Reg' [C:/Users/Pancho/Desktop/Universidad/Arquitectura de Computadores/WW/proyecto-grupo-16/Proyecto Base.srcs/sources_1/new/Basys3.vhd:295]
INFO: [Synth 8-3491] module 'Reg' declared at 'C:/Users/Pancho/Desktop/Universidad/Arquitectura de Computadores/WW/proyecto-grupo-16/Proyecto Base.srcs/sources_1/new/Reg.vhd:7' bound to instance 'RegLed' of component 'Reg' [C:/Users/Pancho/Desktop/Universidad/Arquitectura de Computadores/WW/proyecto-grupo-16/Proyecto Base.srcs/sources_1/new/Basys3.vhd:305]
INFO: [Synth 8-256] done synthesizing module 'Basys3' (20#1) [C:/Users/Pancho/Desktop/Universidad/Arquitectura de Computadores/WW/proyecto-grupo-16/Proyecto Base.srcs/sources_1/new/Basys3.vhd:18]
---------------------------------------------------------------------------------
Finished RTL Elaboration : Time (s): cpu = 00:00:08 ; elapsed = 00:00:12 . Memory (MB): peak = 1137.348 ; gain = 0.000
---------------------------------------------------------------------------------
---------------------------------------------------------------------------------
Start Handling Custom Attributes
---------------------------------------------------------------------------------
---------------------------------------------------------------------------------
Finished Handling Custom Attributes : Time (s): cpu = 00:00:08 ; elapsed = 00:00:13 . Memory (MB): peak = 1137.348 ; gain = 0.000
---------------------------------------------------------------------------------
---------------------------------------------------------------------------------
Finished RTL Optimization Phase 1 : Time (s): cpu = 00:00:08 ; elapsed = 00:00:13 . Memory (MB): peak = 1137.348 ; gain = 0.000
---------------------------------------------------------------------------------
Netlist sorting complete. Time (s): cpu = 00:00:00 ; elapsed = 00:00:00.032 . Memory (MB): peak = 1137.348 ; gain = 0.000
INFO: [Project 1-570] Preparing netlist for logic optimization

Processing XDC Constraints
Initializing timing engine
Parsing XDC File [C:/Users/Pancho/Desktop/Universidad/Arquitectura de Computadores/WW/proyecto-grupo-16/Proyecto Base.srcs/constrs_1/new/Basys3.xdc]
Finished Parsing XDC File [C:/Users/Pancho/Desktop/Universidad/Arquitectura de Computadores/WW/proyecto-grupo-16/Proyecto Base.srcs/constrs_1/new/Basys3.xdc]
INFO: [Project 1-236] Implementation specific constraints were found while reading constraint file [C:/Users/Pancho/Desktop/Universidad/Arquitectura de Computadores/WW/proyecto-grupo-16/Proyecto Base.srcs/constrs_1/new/Basys3.xdc]. These constraints will be ignored for synthesis but will be used in implementation. Impacted constraints are listed in the file [.Xil/Basys3_propImpl.xdc].
Resolution: To avoid this warning, move constraints listed in [.Xil/Basys3_propImpl.xdc] to another XDC file and exclude this new file from synthesis with the used_in_synthesis property (File Properties dialog in GUI) and re-run elaboration/synthesis.
Completed Processing XDC Constraints

Netlist sorting complete. Time (s): cpu = 00:00:00 ; elapsed = 00:00:00 . Memory (MB): peak = 1138.363 ; gain = 0.000
INFO: [Project 1-111] Unisim Transformation Summary:
No Unisim elements were transformed.

Constraint Validation Runtime : Time (s): cpu = 00:00:00 ; elapsed = 00:00:00.008 . Memory (MB): peak = 1138.363 ; gain = 0.000
---------------------------------------------------------------------------------
Finished Constraint Validation : Time (s): cpu = 00:00:16 ; elapsed = 00:00:22 . Memory (MB): peak = 1138.363 ; gain = 1.016
---------------------------------------------------------------------------------
---------------------------------------------------------------------------------
Start Loading Part and Timing Information
---------------------------------------------------------------------------------
Loading part: xc7a35tcpg236-1
---------------------------------------------------------------------------------
Finished Loading Part and Timing Information : Time (s): cpu = 00:00:16 ; elapsed = 00:00:22 . Memory (MB): peak = 1138.363 ; gain = 1.016
---------------------------------------------------------------------------------
---------------------------------------------------------------------------------
Start Applying 'set_property' XDC Constraints
---------------------------------------------------------------------------------
---------------------------------------------------------------------------------
Finished applying 'set_property' XDC Constraints : Time (s): cpu = 00:00:16 ; elapsed = 00:00:23 . Memory (MB): peak = 1138.363 ; gain = 1.016
---------------------------------------------------------------------------------
---------------------------------------------------------------------------------
Finished RTL Optimization Phase 2 : Time (s): cpu = 00:00:17 ; elapsed = 00:00:24 . Memory (MB): peak = 1138.363 ; gain = 1.016
---------------------------------------------------------------------------------
---------------------------------------------------------------------------------
Start RTL Component Statistics 
---------------------------------------------------------------------------------
Detailed RTL Component Info : 
+---Adders : 
	   2 Input   16 Bit       Adders := 1     
	   2 Input    7 Bit       Adders := 1     
	   2 Input    6 Bit       Adders := 1     
	   2 Input    4 Bit       Adders := 4     
	   2 Input    2 Bit       Adders := 1     
+---XORs : 
	   2 Input     16 Bit         XORs := 2     
	   2 Input      1 Bit         XORs := 69    
+---Registers : 
	               36 Bit    Registers := 1     
	               12 Bit    Registers := 1     
	                9 Bit    Registers := 1     
	                8 Bit    Registers := 7     
	                7 Bit    Registers := 1     
	                6 Bit    Registers := 1     
	                5 Bit    Registers := 1     
	                4 Bit    Registers := 4     
	                2 Bit    Registers := 1     
	                1 Bit    Registers := 15    
+---Muxes : 
	   2 Input   36 Bit        Muxes := 1     
	   4 Input   27 Bit        Muxes := 1     
	 100 Input   17 Bit        Muxes := 1     
	   4 Input   16 Bit        Muxes := 5     
	   2 Input   16 Bit        Muxes := 4     
	   2 Input   12 Bit        Muxes := 1     
	   2 Input    9 Bit        Muxes := 3     
	   2 Input    8 Bit        Muxes := 1     
	   2 Input    7 Bit        Muxes := 1     
	   2 Input    6 Bit        Muxes := 1     
	   3 Input    5 Bit        Muxes := 1     
	   2 Input    5 Bit        Muxes := 2     
	   8 Input    5 Bit        Muxes := 1     
	   4 Input    4 Bit        Muxes := 2     
	   2 Input    4 Bit        Muxes := 3     
	   3 Input    4 Bit        Muxes := 1     
	   4 Input    3 Bit        Muxes := 1     
	   2 Input    3 Bit        Muxes := 1     
	   2 Input    1 Bit        Muxes := 30    
	   8 Input    1 Bit        Muxes := 7     
	  10 Input    1 Bit        Muxes := 1     
	   4 Input    1 Bit        Muxes := 1     
	   3 Input    1 Bit        Muxes := 1     
	   7 Input    1 Bit        Muxes := 1     
	   6 Input    1 Bit        Muxes := 1     
	   5 Input    1 Bit        Muxes := 1     
---------------------------------------------------------------------------------
Finished RTL Component Statistics 
---------------------------------------------------------------------------------
---------------------------------------------------------------------------------
Start Part Resource Summary
---------------------------------------------------------------------------------
Part Resources:
DSPs: 90 (col length:60)
BRAMs: 100 (col length: RAMB18 60 RAMB36 30)
---------------------------------------------------------------------------------
Finished Part Resource Summary
---------------------------------------------------------------------------------
---------------------------------------------------------------------------------
Start Cross Boundary and Area Optimization
---------------------------------------------------------------------------------
---------------------------------------------------------------------------------
Finished Cross Boundary and Area Optimization : Time (s): cpu = 00:00:57 ; elapsed = 00:01:06 . Memory (MB): peak = 1138.363 ; gain = 1.016
---------------------------------------------------------------------------------
---------------------------------------------------------------------------------
Start ROM, RAM, DSP, Shift Register and Retiming Reporting
---------------------------------------------------------------------------------

Distributed RAM: Preliminary Mapping Report (see note below)
+------------+---------------------+-----------+----------------------+------------------+
|Module Name | RTL Object          | Inference | Size (Depth x Width) | Primitives       | 
+------------+---------------------+-----------+----------------------+------------------+
|Basys3      | inst_ROM/memory_reg | Implied   | 4 K x 36             | RAM256X1S x 576  | 
|Basys3      | inst_RAM/memory_reg | Implied   | 4 K x 16             | RAM256X1S x 256  | 
+------------+---------------------+-----------+----------------------+------------------+

Note: The table above is a preliminary report that shows the Distributed RAMs at the current stage of the synthesis flow. Some Distributed RAMs may be reimplemented as non Distributed RAM primitives later in the synthesis flow. Multiple instantiated RAMs are reported only once.
---------------------------------------------------------------------------------
Finished ROM, RAM, DSP, Shift Register and Retiming Reporting
---------------------------------------------------------------------------------
---------------------------------------------------------------------------------
Start Applying XDC Timing Constraints
---------------------------------------------------------------------------------
---------------------------------------------------------------------------------
Finished Applying XDC Timing Constraints : Time (s): cpu = 00:01:04 ; elapsed = 00:01:14 . Memory (MB): peak = 1138.363 ; gain = 1.016
---------------------------------------------------------------------------------
---------------------------------------------------------------------------------
Start Timing Optimization
---------------------------------------------------------------------------------
---------------------------------------------------------------------------------
Finished Timing Optimization : Time (s): cpu = 00:01:54 ; elapsed = 00:02:06 . Memory (MB): peak = 1283.297 ; gain = 145.949
---------------------------------------------------------------------------------
---------------------------------------------------------------------------------
Start ROM, RAM, DSP, Shift Register and Retiming Reporting
---------------------------------------------------------------------------------

Distributed RAM: Final Mapping Report
+------------+---------------------+-----------+----------------------+------------------+
|Module Name | RTL Object          | Inference | Size (Depth x Width) | Primitives       | 
+------------+---------------------+-----------+----------------------+------------------+
|Basys3      | inst_ROM/memory_reg | Implied   | 4 K x 36             | RAM256X1S x 576  | 
|Basys3      | inst_RAM/memory_reg | Implied   | 4 K x 16             | RAM256X1S x 256  | 
+------------+---------------------+-----------+----------------------+------------------+

---------------------------------------------------------------------------------
Finished ROM, RAM, DSP, Shift Register and Retiming Reporting
---------------------------------------------------------------------------------
---------------------------------------------------------------------------------
Start Technology Mapping
---------------------------------------------------------------------------------
---------------------------------------------------------------------------------
Finished Technology Mapping : Time (s): cpu = 00:01:55 ; elapsed = 00:02:08 . Memory (MB): peak = 1283.297 ; gain = 145.949
---------------------------------------------------------------------------------
---------------------------------------------------------------------------------
Start IO Insertion
---------------------------------------------------------------------------------
---------------------------------------------------------------------------------
Start Flattening Before IO Insertion
---------------------------------------------------------------------------------
---------------------------------------------------------------------------------
Finished Flattening Before IO Insertion
---------------------------------------------------------------------------------
---------------------------------------------------------------------------------
Start Final Netlist Cleanup
---------------------------------------------------------------------------------
---------------------------------------------------------------------------------
Finished Final Netlist Cleanup
---------------------------------------------------------------------------------
---------------------------------------------------------------------------------
Finished IO Insertion : Time (s): cpu = 00:01:59 ; elapsed = 00:02:12 . Memory (MB): peak = 1283.297 ; gain = 145.949
---------------------------------------------------------------------------------
---------------------------------------------------------------------------------
Start Renaming Generated Instances
---------------------------------------------------------------------------------
---------------------------------------------------------------------------------
Finished Renaming Generated Instances : Time (s): cpu = 00:01:59 ; elapsed = 00:02:12 . Memory (MB): peak = 1283.297 ; gain = 145.949
---------------------------------------------------------------------------------
---------------------------------------------------------------------------------
Start Rebuilding User Hierarchy
---------------------------------------------------------------------------------
---------------------------------------------------------------------------------
Finished Rebuilding User Hierarchy : Time (s): cpu = 00:01:59 ; elapsed = 00:02:13 . Memory (MB): peak = 1283.297 ; gain = 145.949
---------------------------------------------------------------------------------
---------------------------------------------------------------------------------
Start Renaming Generated Ports
---------------------------------------------------------------------------------
---------------------------------------------------------------------------------
Finished Renaming Generated Ports : Time (s): cpu = 00:01:59 ; elapsed = 00:02:13 . Memory (MB): peak = 1283.297 ; gain = 145.949
---------------------------------------------------------------------------------
---------------------------------------------------------------------------------
Start Handling Custom Attributes
---------------------------------------------------------------------------------
---------------------------------------------------------------------------------
Finished Handling Custom Attributes : Time (s): cpu = 00:02:00 ; elapsed = 00:02:13 . Memory (MB): peak = 1283.297 ; gain = 145.949
---------------------------------------------------------------------------------
---------------------------------------------------------------------------------
Start Renaming Generated Nets
---------------------------------------------------------------------------------
---------------------------------------------------------------------------------
Finished Renaming Generated Nets : Time (s): cpu = 00:02:00 ; elapsed = 00:02:13 . Memory (MB): peak = 1283.297 ; gain = 145.949
---------------------------------------------------------------------------------
---------------------------------------------------------------------------------
Start Writing Synthesis Report
---------------------------------------------------------------------------------

Report BlackBoxes: 
+-+--------------+----------+
| |BlackBox name |Instances |
+-+--------------+----------+
+-+--------------+----------+

Report Cell Usage: 
+------+----------+------+
|      |Cell      |Count |
+------+----------+------+
|1     |BUFG      |     3|
|2     |CARRY4    |    74|
|3     |LUT1      |    49|
|4     |LUT2      |    92|
|5     |LUT3      |   187|
|6     |LUT4      |    78|
|7     |LUT5      |   143|
|8     |LUT6      |   350|
|9     |MUXF7     |    66|
|10    |MUXF8     |    23|
|11    |RAM256X1S |   624|
|12    |FDCE      |   138|
|13    |FDPE      |    13|
|14    |FDRE      |   234|
|15    |IBUF      |    23|
|16    |OBUF      |    40|
+------+----------+------+
---------------------------------------------------------------------------------
Finished Writing Synthesis Report : Time (s): cpu = 00:02:00 ; elapsed = 00:02:13 . Memory (MB): peak = 1283.297 ; gain = 145.949
---------------------------------------------------------------------------------
Synthesis finished with 0 errors, 0 critical warnings and 0 warnings.
Synthesis Optimization Runtime : Time (s): cpu = 00:01:49 ; elapsed = 00:02:10 . Memory (MB): peak = 1283.297 ; gain = 144.934
Synthesis Optimization Complete : Time (s): cpu = 00:02:00 ; elapsed = 00:02:13 . Memory (MB): peak = 1283.297 ; gain = 145.949
INFO: [Project 1-571] Translating synthesized netlist
Netlist sorting complete. Time (s): cpu = 00:00:00 ; elapsed = 00:00:00.043 . Memory (MB): peak = 1283.297 ; gain = 0.000
INFO: [Netlist 29-17] Analyzing 787 Unisim elements for replacement
INFO: [Netlist 29-28] Unisim Transformation completed in 1 CPU seconds
INFO: [Project 1-570] Preparing netlist for logic optimization
INFO: [Opt 31-138] Pushed 0 inverter(s) to 0 load pin(s).
Netlist sorting complete. Time (s): cpu = 00:00:00 ; elapsed = 00:00:00.004 . Memory (MB): peak = 1283.297 ; gain = 0.000
INFO: [Project 1-111] Unisim Transformation Summary:
  A total of 624 instances were transformed.
  RAM256X1S => RAM256X1S (MUXF7(x2), MUXF8, RAMS64E(x4)): 624 instances

Synth Design complete, checksum: 33953650
INFO: [Common 17-83] Releasing license: Synthesis
113 Infos, 0 Warnings, 0 Critical Warnings and 0 Errors encountered.
synth_design completed successfully
synth_design: Time (s): cpu = 00:02:06 ; elapsed = 00:02:23 . Memory (MB): peak = 1283.297 ; gain = 145.949
INFO: [Common 17-1381] The checkpoint 'C:/Users/Pancho/Desktop/Universidad/Arquitectura de Computadores/WW/proyecto-grupo-16/Proyecto Base.runs/synth_1/Basys3.dcp' has been generated.
INFO: [runtcl-4] Executing : report_utilization -file Basys3_utilization_synth.rpt -pb Basys3_utilization_synth.pb
INFO: [Common 17-206] Exiting Vivado at Sun Nov 20 21:17:15 2022...
